TN:
SF:src/common/utils.js
FN:11,(anonymous_0)
FN:20,(anonymous_1)
FN:31,(anonymous_2)
FN:44,(anonymous_3)
FN:77,(anonymous_4)
FN:88,(anonymous_5)
FN:99,(anonymous_6)
FN:121,(anonymous_7)
FN:130,(anonymous_8)
FN:139,(anonymous_9)
FN:164,(anonymous_10)
FN:183,(anonymous_11)
FN:194,(anonymous_12)
FN:199,(anonymous_13)
FN:206,(anonymous_14)
FN:231,(anonymous_15)
FN:234,(anonymous_16)
FN:251,(anonymous_17)
FN:254,(anonymous_18)
FNF:19
FNH:19
FNDA:114,(anonymous_0)
FNDA:5,(anonymous_1)
FNDA:3,(anonymous_2)
FNDA:20,(anonymous_3)
FNDA:6,(anonymous_4)
FNDA:19,(anonymous_5)
FNDA:29,(anonymous_6)
FNDA:9,(anonymous_7)
FNDA:113,(anonymous_8)
FNDA:14,(anonymous_9)
FNDA:13,(anonymous_10)
FNDA:9,(anonymous_11)
FNDA:16,(anonymous_12)
FNDA:16,(anonymous_13)
FNDA:16,(anonymous_14)
FNDA:7,(anonymous_15)
FNDA:16,(anonymous_16)
FNDA:6,(anonymous_17)
FNDA:17,(anonymous_18)
DA:11,3
DA:12,114
DA:20,3
DA:21,5
DA:22,5
DA:23,5
DA:31,3
DA:32,3
DA:33,3
DA:34,3
DA:44,3
DA:45,20
DA:48,18
DA:50,16
DA:51,16
DA:54,16
DA:55,3
DA:58,16
DA:59,82
DA:60,82
DA:61,66
DA:62,66
DA:64,16
DA:67,16
DA:77,3
DA:78,6
DA:79,4
DA:88,3
DA:89,19
DA:90,18
DA:99,3
DA:100,29
DA:102,28
DA:103,28
DA:105,28
DA:106,3
DA:108,25
DA:111,28
DA:121,3
DA:122,9
DA:124,8
DA:125,8
DA:126,8
DA:128,8
DA:130,113
DA:139,3
DA:140,14
DA:141,6
DA:144,8
DA:145,8
DA:146,1
DA:149,7
DA:150,1
DA:153,6
DA:164,3
DA:165,13
DA:166,13
DA:183,3
DA:184,9
DA:185,2
DA:194,16
DA:195,7
DA:198,7
DA:199,7
DA:200,16
DA:201,16
DA:205,7
DA:206,7
DA:207,16
DA:211,7
DA:212,7
DA:213,7
DA:217,7
DA:231,3
DA:232,7
DA:234,7
DA:235,16
DA:236,11
DA:237,11
DA:241,7
DA:242,7
DA:251,3
DA:252,6
DA:253,5
DA:254,17
DA:258,3
LF:86
LH:86
BRDA:11,0,0,16
BRDA:20,1,0,1
BRDA:45,2,0,2
BRDA:45,2,1,18
BRDA:45,3,0,20
BRDA:45,3,1,19
BRDA:48,4,0,2
BRDA:48,4,1,16
BRDA:48,5,0,18
BRDA:48,5,1,5
BRDA:54,6,0,3
BRDA:54,6,1,13
BRDA:60,7,0,66
BRDA:60,7,1,16
BRDA:78,8,0,2
BRDA:78,8,1,4
BRDA:78,9,0,6
BRDA:78,9,1,5
BRDA:89,10,0,1
BRDA:89,10,1,18
BRDA:89,11,0,19
BRDA:89,11,1,18
BRDA:100,12,0,1
BRDA:100,12,1,28
BRDA:102,13,0,28
BRDA:102,13,1,1
BRDA:105,14,0,3
BRDA:105,14,1,25
BRDA:121,15,0,0
BRDA:121,16,0,9
BRDA:122,17,0,1
BRDA:122,17,1,8
BRDA:122,18,0,9
BRDA:122,18,1,8
BRDA:140,19,0,6
BRDA:140,19,1,8
BRDA:140,20,0,14
BRDA:140,20,1,11
BRDA:145,21,0,1
BRDA:145,21,1,7
BRDA:149,22,0,1
BRDA:149,22,1,6
BRDA:165,23,0,13
BRDA:165,23,1,12
BRDA:169,24,0,13
BRDA:169,24,1,1
BRDA:170,25,0,13
BRDA:170,25,1,1
BRDA:184,26,0,2
BRDA:184,26,1,7
BRDA:184,27,0,9
BRDA:184,27,1,8
BRDA:200,28,0,16
BRDA:200,28,1,9
BRDA:201,29,0,5
BRDA:201,29,1,11
BRDA:207,30,0,16
BRDA:207,30,1,0
BRDA:213,31,0,7
BRDA:213,31,1,0
BRDA:235,32,0,11
BRDA:235,32,1,5
BRDA:235,33,0,16
BRDA:235,33,1,16
BRDA:237,34,0,8
BRDA:237,34,1,3
BRDA:251,35,0,4
BRDA:252,36,0,1
BRDA:252,36,1,5
BRDA:254,37,0,17
BRDA:254,37,1,1
BRDA:254,38,0,17
BRDA:254,38,1,0
BRF:73
BRH:69
end_of_record
